<?xml version="1.0" encoding="UTF-8"?>
<testsuite name="com.example.examplegraphview_pb2.ExampleUnitTest" tests="1" skipped="0" failures="0" errors="0" timestamp="2023-08-25T09:39:47" hostname="DESKTOP-0GKK8E3" time="0.002">
  <properties/>
  <testcase name="addition_isCorrect" classname="com.example.examplegraphview_pb2.ExampleUnitTest" time="0.002"/>
  <system-out><![CDATA[]]></system-out>
  <system-err><![CDATA[]]></system-err>
</testsuite>
